<?xml version="1.0" encoding="UTF-8"?>
<!-- Generated by org.testng.reporters.JUnitReportReporter -->
<testsuite hostname="HYD-LAP-00282" name="selenium.Depends_on_group" tests="5" failures="0" timestamp="22 Oct 2019 13:10:33 GMT" time="19.403" errors="0">
  <testcase name="LogOut" time="0.001" classname="selenium.Depends_on_group"/>
  <testcase name="SignIn" time="0.001" classname="selenium.Depends_on_group"/>
  <testcase name="OpenBrowser" time="5.100" classname="selenium.Depends_on_group"/>
  <testcase name="SignInpage" time="11.448" classname="selenium.Depends_on_group"/>
  <testcase name="launchurl" time="2.853" classname="selenium.Depends_on_group"/>
</testsuite> <!-- selenium.Depends_on_group -->
