<?xml version="1.0" encoding="UTF-8"?>
<!-- Generated by org.testng.reporters.JUnitReportReporter -->
<testsuite hostname="HYD-LAP-00282" name="selenium.GroupTest1" tests="4" failures="0" timestamp="22 Oct 2019 13:00:36 GMT" time="6.159" errors="0">
  <testcase name="meth1" time="6.151" classname="selenium.GroupTest1"/>
  <testcase name="meth3" time="0.004" classname="selenium.GroupTest1"/>
  <testcase name="meth4" time="0.002" classname="selenium.GroupTest1"/>
  <testcase name="meth2" time="0.002" classname="selenium.GroupTest1"/>
</testsuite> <!-- selenium.GroupTest1 -->
