<?xml version="1.0" encoding="UTF-8"?>
<!-- Generated by org.testng.reporters.JUnitReportReporter -->
<testsuite hostname="HYD-LAP-00282" name="selenium.Testng_annotations$TestngAnnotation" tests="2" failures="0" timestamp="22 Oct 2019 13:14:45 GMT" time="0.008" errors="0">
  <testcase name="testCase1" time="0.006" classname="selenium.Testng_annotations$TestngAnnotation"/>
  <testcase name="testCase2" time="0.002" classname="selenium.Testng_annotations$TestngAnnotation"/>
</testsuite> <!-- selenium.Testng_annotations$TestngAnnotation -->
