<?xml version="1.0" encoding="UTF-8"?>
<!-- Generated by org.testng.reporters.JUnitReportReporter -->
<testsuite skipped="0" hostname="HYD-LAP-00282" name="selenium.Testng_annotations$TestngAnnotation" tests="2" failures="0" timestamp="17 Oct 2019 11:02:21 GMT" time="0.012" errors="0">
  <testcase name="testCase1" time="0.009" classname="selenium.Testng_annotations$TestngAnnotation"/>
  <testcase name="testCase2" time="0.003" classname="selenium.Testng_annotations$TestngAnnotation"/>
</testsuite> <!-- selenium.Testng_annotations$TestngAnnotation -->
