<?xml version="1.0" encoding="UTF-8"?>
<!-- Generated by org.testng.reporters.JUnitReportReporter -->
<testsuite hostname="HYD-LAP-00282" name="selenium.GroupTest1" tests="2" failures="0" timestamp="18 Oct 2019 13:03:37 GMT" time="0.044" errors="0">
  <testcase name="meth3" time="0.012" classname="selenium.GroupTest1"/>
  <testcase name="meth1" time="0.032" classname="selenium.GroupTest1"/>
</testsuite> <!-- selenium.GroupTest1 -->
