<?xml version="1.0" encoding="UTF-8"?>
<!-- Generated by org.testng.reporters.JUnitReportReporter -->
<testsuite hostname="HYD-LAP-00282" name="selenium.Priority_testng" tests="4" failures="0" timestamp="22 Oct 2019 10:36:05 GMT" time="13.983" errors="0">
  <testcase name="openBrowser" time="5.080" classname="selenium.Priority_testng"/>
  <testcase name="FaceBookPageTitleVerification" time="3.428" classname="selenium.Priority_testng"/>
  <testcase name="launchGoogle" time="3.093" classname="selenium.Priority_testng"/>
  <testcase name="peformSeachAndClick1stLink" time="2.382" classname="selenium.Priority_testng"/>
</testsuite> <!-- selenium.Priority_testng -->
