<?xml version="1.0" encoding="UTF-8"?>
<!-- Generated by org.testng.reporters.JUnitReportReporter -->
<testsuite hostname="HYD-LAP-00282" name="selenium.Testng_annotations$TestngAnnotation" tests="2" failures="0" timestamp="18 Oct 2019 09:46:10 GMT" time="0.013" errors="0">
  <testcase name="testCase1" time="0.010" classname="selenium.Testng_annotations$TestngAnnotation"/>
  <testcase name="testCase2" time="0.003" classname="selenium.Testng_annotations$TestngAnnotation"/>
</testsuite> <!-- selenium.Testng_annotations$TestngAnnotation -->
